<?xml version="1.0" encoding="UTF-8"?>
<!-- Generated by org.testng.reporters.JUnitXMLReporter -->
<testsuite hostname="surendar" ignored="2" name="LoginTest" tests="2" failures="0" timestamp="04 Jun 2021 05:08:45 GMT" time="96.306" errors="0">
  <testcase name="login" time="13.18" classname="com.qa.testcase.Login"/>
  <testcase name="createRetailLoan" time="43.047" classname="com.qa.testcase.LoanCreation"/>
  <testcase name="@BeforeTest initDriver" time="0.0" classname="components.Base">
    <ignored/>
  </testcase> <!-- @BeforeTest initDriver -->
  <testcase name="@AfterSuite quitDriver" time="0.0" classname="components.Base">
    <ignored/>
  </testcase> <!-- @AfterSuite quitDriver -->
</testsuite> <!-- LoginTest -->
